<?xml version="1.0" encoding="UTF-8"?>
<coverage generated="1545557727100" clover="3.2.0">
  <project timestamp="1545557727100" name="All files">
    <metrics statements="72" coveredstatements="69" conditionals="46" coveredconditionals="42" methods="16" coveredmethods="15" elements="134" coveredelements="126" complexity="0" loc="72" ncloc="72" packages="3" files="8" classes="8">
      <package name="src">
        <metrics statements="26" coveredstatements="23" conditionals="20" coveredconditionals="17" methods="4" coveredmethods="3"/>
        <file name="rgy.js" path="C:\Projects\rgy\src\rgy.js">
          <metrics statements="26" coveredstatements="23" conditionals="20" coveredconditionals="17" methods="4" coveredmethods="3"/>
          <line num="2" count="5" type="stmt"/>
          <line num="3" count="5" type="stmt"/>
          <line num="21" count="5" type="stmt"/>
          <line num="23" count="42" type="cond" truecount="2" falsecount="0"/>
          <line num="26" count="37" type="cond" truecount="2" falsecount="0"/>
          <line num="29" count="32" type="cond" truecount="2" falsecount="0"/>
          <line num="30" count="30" type="stmt"/>
          <line num="34" count="32" type="cond" truecount="4" falsecount="1"/>
          <line num="35" count="0" type="stmt"/>
          <line num="39" count="32" type="cond" truecount="2" falsecount="0"/>
          <line num="40" count="14" type="stmt"/>
          <line num="44" count="32" type="cond" truecount="2" falsecount="0"/>
          <line num="46" count="2" type="stmt"/>
          <line num="49" count="2" type="stmt"/>
          <line num="51" count="4" type="cond" truecount="2" falsecount="0"/>
          <line num="52" count="2" type="stmt"/>
          <line num="56" count="2" type="stmt"/>
          <line num="61" count="2" type="stmt"/>
          <line num="64" count="2" type="stmt"/>
          <line num="68" count="32" type="cond" truecount="1" falsecount="1"/>
          <line num="69" count="0" type="stmt"/>
          <line num="73" count="32" type="stmt"/>
          <line num="76" count="5" type="cond" truecount="0" falsecount="1"/>
          <line num="77" count="5" type="stmt"/>
          <line num="79" count="5" type="stmt"/>
          <line num="83" count="0" type="stmt"/>
        </file>
      </package>
      <package name="src.helpers">
        <metrics statements="40" coveredstatements="40" conditionals="26" coveredconditionals="25" methods="6" coveredmethods="6"/>
        <file name="clean.js" path="C:\Projects\rgy\src\helpers\clean.js">
          <metrics statements="4" coveredstatements="4" conditionals="0" coveredconditionals="0" methods="2" coveredmethods="2"/>
          <line num="13" count="7" type="stmt"/>
          <line num="14" count="1219" type="stmt"/>
          <line num="16" count="17066" type="stmt"/>
          <line num="19" count="1219" type="stmt"/>
        </file>
        <file name="constants.js" path="C:\Projects\rgy\src\helpers\constants.js">
          <metrics statements="8" coveredstatements="8" conditionals="0" coveredconditionals="0" methods="1" coveredmethods="1"/>
          <line num="8" count="6" type="stmt"/>
          <line num="13" count="6" type="stmt"/>
          <line num="18" count="6" type="stmt"/>
          <line num="23" count="6" type="stmt"/>
          <line num="28" count="156" type="stmt"/>
          <line num="33" count="6" type="stmt"/>
          <line num="38" count="6" type="stmt"/>
          <line num="43" count="6" type="stmt"/>
        </file>
        <file name="multiJoin.js" path="C:\Projects\rgy\src\helpers\multiJoin.js">
          <metrics statements="8" coveredstatements="8" conditionals="6" coveredconditionals="6" methods="2" coveredmethods="2"/>
          <line num="10" count="6" type="stmt"/>
          <line num="12" count="1228" type="cond" truecount="4" falsecount="0"/>
          <line num="15" count="22" type="cond" truecount="2" falsecount="0"/>
          <line num="16" count="21" type="stmt"/>
          <line num="17" count="1190" type="stmt"/>
          <line num="20" count="21" type="stmt"/>
          <line num="24" count="1" type="stmt"/>
          <line num="27" count="6" type="stmt"/>
        </file>
        <file name="range.js" path="C:\Projects\rgy\src\helpers\range.js">
          <metrics statements="20" coveredstatements="20" conditionals="20" coveredconditionals="19" methods="1" coveredmethods="1"/>
          <line num="19" count="5" type="stmt"/>
          <line num="21" count="39" type="cond" truecount="4" falsecount="0"/>
          <line num="22" count="32" type="cond" truecount="4" falsecount="0"/>
          <line num="24" count="10" type="stmt"/>
          <line num="25" count="10" type="stmt"/>
          <line num="26" count="10" type="cond" truecount="2" falsecount="0"/>
          <line num="27" count="1" type="stmt"/>
          <line num="30" count="9" type="stmt"/>
          <line num="33" count="22" type="cond" truecount="4" falsecount="0"/>
          <line num="35" count="15" type="stmt"/>
          <line num="36" count="15" type="stmt"/>
          <line num="37" count="15" type="cond" truecount="2" falsecount="0"/>
          <line num="38" count="2" type="stmt"/>
          <line num="41" count="13" type="stmt"/>
          <line num="45" count="7" type="stmt"/>
          <line num="51" count="7" type="cond" truecount="3" falsecount="1"/>
          <line num="53" count="7" type="stmt"/>
          <line num="56" count="312" type="stmt"/>
          <line num="59" count="7" type="stmt"/>
          <line num="63" count="5" type="stmt"/>
        </file>
      </package>
      <package name="src.strategies">
        <metrics statements="6" coveredstatements="6" conditionals="0" coveredconditionals="0" methods="6" coveredmethods="6"/>
        <file name="rgyMatch.js" path="C:\Projects\rgy\src\strategies\rgyMatch.js">
          <metrics statements="2" coveredstatements="2" conditionals="0" coveredconditionals="0" methods="2" coveredmethods="2"/>
          <line num="1" count="6" type="stmt"/>
          <line num="2" count="1" type="stmt"/>
        </file>
        <file name="rgyReplace.js" path="C:\Projects\rgy\src\strategies\rgyReplace.js">
          <metrics statements="2" coveredstatements="2" conditionals="0" coveredconditionals="0" methods="2" coveredmethods="2"/>
          <line num="1" count="6" type="stmt"/>
          <line num="3" count="6" type="stmt"/>
        </file>
        <file name="rgyTest.js" path="C:\Projects\rgy\src\strategies\rgyTest.js">
          <metrics statements="2" coveredstatements="2" conditionals="0" coveredconditionals="0" methods="2" coveredmethods="2"/>
          <line num="1" count="152" type="stmt"/>
          <line num="3" count="6" type="stmt"/>
        </file>
      </package>
    </metrics>
  </project>
</coverage>
