<?xml version="1.0" encoding="UTF-8"?>
<coverage generated="1545550629214" clover="3.2.0">
  <project timestamp="1545550629214" name="All files">
    <metrics statements="77" coveredstatements="74" conditionals="44" coveredconditionals="41" methods="17" coveredmethods="13" elements="138" coveredelements="128" complexity="0" loc="77" ncloc="77" packages="3" files="8" classes="8">
      <package name="src">
        <metrics statements="28" coveredstatements="26" conditionals="18" coveredconditionals="16" methods="4" coveredmethods="3"/>
        <file name="rgy.js" path="C:\Projects\rgy\src\rgy.js">
          <metrics statements="28" coveredstatements="26" conditionals="18" coveredconditionals="16" methods="4" coveredmethods="3"/>
          <line num="2" count="5" type="stmt"/>
          <line num="3" count="5" type="stmt"/>
          <line num="6" count="5" type="stmt"/>
          <line num="7" count="5" type="stmt"/>
          <line num="8" count="5" type="stmt"/>
          <line num="17" count="5" type="stmt"/>
          <line num="19" count="42" type="cond" truecount="2" falsecount="0"/>
          <line num="22" count="37" type="cond" truecount="2" falsecount="0"/>
          <line num="25" count="32" type="cond" truecount="2" falsecount="0"/>
          <line num="26" count="30" type="stmt"/>
          <line num="30" count="32" type="cond" truecount="4" falsecount="1"/>
          <line num="31" count="0" type="stmt"/>
          <line num="35" count="32" type="cond" truecount="2" falsecount="0"/>
          <line num="36" count="14" type="stmt"/>
          <line num="40" count="32" type="cond" truecount="2" falsecount="0"/>
          <line num="42" count="2" type="stmt"/>
          <line num="45" count="2" type="stmt"/>
          <line num="47" count="4" type="cond" truecount="2" falsecount="0"/>
          <line num="48" count="2" type="stmt"/>
          <line num="52" count="2" type="stmt"/>
          <line num="57" count="2" type="stmt"/>
          <line num="60" count="2" type="stmt"/>
          <line num="69" count="32" type="stmt"/>
          <line num="72" count="5" type="cond" truecount="0" falsecount="1"/>
          <line num="73" count="5" type="stmt"/>
          <line num="75" count="5" type="stmt"/>
          <line num="79" count="0" type="stmt"/>
          <line num="83" count="5" type="stmt"/>
        </file>
      </package>
      <package name="src.helpers">
        <metrics statements="42" coveredstatements="42" conditionals="26" coveredconditionals="25" methods="6" coveredmethods="6"/>
        <file name="clean.js" path="C:\Projects\rgy\src\helpers\clean.js">
          <metrics statements="4" coveredstatements="4" conditionals="0" coveredconditionals="0" methods="2" coveredmethods="2"/>
          <line num="1" count="7" type="stmt"/>
          <line num="2" count="1219" type="stmt"/>
          <line num="4" count="17066" type="stmt"/>
          <line num="7" count="1219" type="stmt"/>
        </file>
        <file name="constants.js" path="C:\Projects\rgy\src\helpers\constants.js">
          <metrics statements="9" coveredstatements="9" conditionals="0" coveredconditionals="0" methods="1" coveredmethods="1"/>
          <line num="1" count="6" type="stmt"/>
          <line num="2" count="6" type="stmt"/>
          <line num="3" count="6" type="stmt"/>
          <line num="4" count="6" type="stmt"/>
          <line num="5" count="156" type="stmt"/>
          <line num="6" count="6" type="stmt"/>
          <line num="7" count="6" type="stmt"/>
          <line num="8" count="6" type="stmt"/>
          <line num="10" count="6" type="stmt"/>
        </file>
        <file name="multiJoin.js" path="C:\Projects\rgy\src\helpers\multiJoin.js">
          <metrics statements="9" coveredstatements="9" conditionals="6" coveredconditionals="6" methods="2" coveredmethods="2"/>
          <line num="11" count="6" type="stmt"/>
          <line num="13" count="1228" type="cond" truecount="4" falsecount="0"/>
          <line num="14" count="1206" type="stmt"/>
          <line num="17" count="22" type="cond" truecount="2" falsecount="0"/>
          <line num="18" count="21" type="stmt"/>
          <line num="19" count="1190" type="stmt"/>
          <line num="22" count="21" type="stmt"/>
          <line num="26" count="1" type="stmt"/>
          <line num="29" count="6" type="stmt"/>
        </file>
        <file name="range.js" path="C:\Projects\rgy\src\helpers\range.js">
          <metrics statements="20" coveredstatements="20" conditionals="20" coveredconditionals="19" methods="1" coveredmethods="1"/>
          <line num="3" count="5" type="stmt"/>
          <line num="5" count="39" type="cond" truecount="4" falsecount="0"/>
          <line num="6" count="32" type="cond" truecount="4" falsecount="0"/>
          <line num="8" count="10" type="stmt"/>
          <line num="9" count="10" type="stmt"/>
          <line num="10" count="10" type="cond" truecount="2" falsecount="0"/>
          <line num="11" count="1" type="stmt"/>
          <line num="14" count="9" type="stmt"/>
          <line num="17" count="22" type="cond" truecount="4" falsecount="0"/>
          <line num="19" count="15" type="stmt"/>
          <line num="20" count="15" type="stmt"/>
          <line num="21" count="15" type="cond" truecount="2" falsecount="0"/>
          <line num="22" count="2" type="stmt"/>
          <line num="25" count="13" type="stmt"/>
          <line num="29" count="7" type="stmt"/>
          <line num="35" count="7" type="cond" truecount="3" falsecount="1"/>
          <line num="37" count="7" type="stmt"/>
          <line num="40" count="312" type="stmt"/>
          <line num="43" count="7" type="stmt"/>
          <line num="47" count="5" type="stmt"/>
        </file>
      </package>
      <package name="src.strategies">
        <metrics statements="7" coveredstatements="6" conditionals="0" coveredconditionals="0" methods="7" coveredmethods="4"/>
        <file name="rgyMatch.js" path="C:\Projects\rgy\src\strategies\rgyMatch.js">
          <metrics statements="3" coveredstatements="2" conditionals="0" coveredconditionals="0" methods="3" coveredmethods="1"/>
          <line num="3" count="5" type="stmt"/>
          <line num="4" count="0" type="stmt"/>
          <line num="6" count="5" type="stmt"/>
        </file>
        <file name="rgyReplace.js" path="C:\Projects\rgy\src\strategies\rgyReplace.js">
          <metrics statements="2" coveredstatements="2" conditionals="0" coveredconditionals="0" methods="2" coveredmethods="1"/>
          <line num="1" count="5" type="stmt"/>
          <line num="3" count="5" type="stmt"/>
        </file>
        <file name="rgyTest.js" path="C:\Projects\rgy\src\strategies\rgyTest.js">
          <metrics statements="2" coveredstatements="2" conditionals="0" coveredconditionals="0" methods="2" coveredmethods="2"/>
          <line num="1" count="150" type="stmt"/>
          <line num="3" count="5" type="stmt"/>
        </file>
      </package>
    </metrics>
  </project>
</coverage>
