{"C:\\Projects\\rgy\\src\\rgy.js": {"path":"C:\\Projects\\rgy\\src\\rgy.js","statementMap":{"0":{"start":{"line":2,"column":18},"end":{"line":2,"column":48}},"1":{"start":{"line":3,"column":23},"end":{"line":3,"column":53}},"2":{"start":{"line":6,"column":16},"end":{"line":6,"column":47}},"3":{"start":{"line":7,"column":19},"end":{"line":7,"column":53}},"4":{"start":{"line":8,"column":17},"end":{"line":8,"column":49}},"5":{"start":{"line":17,"column":18},"end":{"line":70,"column":1}},"6":{"start":{"line":19,"column":2},"end":{"line":19,"column":46}},"7":{"start":{"line":19,"column":22},"end":{"line":19,"column":46}},"8":{"start":{"line":22,"column":2},"end":{"line":22,"column":44}},"9":{"start":{"line":22,"column":20},"end":{"line":22,"column":44}},"10":{"start":{"line":25,"column":2},"end":{"line":27,"column":3}},"11":{"start":{"line":26,"column":4},"end":{"line":26,"column":45}},"12":{"start":{"line":30,"column":2},"end":{"line":32,"column":3}},"13":{"start":{"line":31,"column":4},"end":{"line":31,"column":54}},"14":{"start":{"line":35,"column":2},"end":{"line":37,"column":3}},"15":{"start":{"line":36,"column":4},"end":{"line":36,"column":37}},"16":{"start":{"line":40,"column":2},"end":{"line":61,"column":3}},"17":{"start":{"line":42,"column":20},"end":{"line":42,"column":32}},"18":{"start":{"line":45,"column":26},"end":{"line":54,"column":6}},"19":{"start":{"line":47,"column":6},"end":{"line":53,"column":7}},"20":{"start":{"line":48,"column":8},"end":{"line":48,"column":44}},"21":{"start":{"line":52,"column":8},"end":{"line":52,"column":37}},"22":{"start":{"line":57,"column":26},"end":{"line":57,"column":49}},"23":{"start":{"line":60,"column":4},"end":{"line":60,"column":44}},"24":{"start":{"line":69,"column":2},"end":{"line":69,"column":20}},"25":{"start":{"line":72,"column":12},"end":{"line":81,"column":1}},"26":{"start":{"line":73,"column":22},"end":{"line":73,"column":49}},"27":{"start":{"line":75,"column":2},"end":{"line":80,"column":4}},"28":{"start":{"line":79,"column":17},"end":{"line":79,"column":43}},"29":{"start":{"line":83,"column":0},"end":{"line":83,"column":21}}},"fnMap":{"0":{"name":"(anonymous_0)","decl":{"start":{"line":17,"column":18},"end":{"line":17,"column":19}},"loc":{"start":{"line":17,"column":40},"end":{"line":70,"column":1}},"line":17},"1":{"name":"(anonymous_1)","decl":{"start":{"line":45,"column":38},"end":{"line":45,"column":39}},"loc":{"start":{"line":45,"column":48},"end":{"line":54,"column":5}},"line":45},"2":{"name":"(anonymous_2)","decl":{"start":{"line":72,"column":12},"end":{"line":72,"column":13}},"loc":{"start":{"line":72,"column":28},"end":{"line":81,"column":1}},"line":72},"3":{"name":"(anonymous_3)","decl":{"start":{"line":79,"column":11},"end":{"line":79,"column":12}},"loc":{"start":{"line":79,"column":17},"end":{"line":79,"column":43}},"line":79}},"branchMap":{"0":{"loc":{"start":{"line":19,"column":2},"end":{"line":19,"column":46}},"type":"if","locations":[{"start":{"line":19,"column":2},"end":{"line":19,"column":46}},{"start":{"line":19,"column":2},"end":{"line":19,"column":46}}],"line":19},"1":{"loc":{"start":{"line":22,"column":2},"end":{"line":22,"column":44}},"type":"if","locations":[{"start":{"line":22,"column":2},"end":{"line":22,"column":44}},{"start":{"line":22,"column":2},"end":{"line":22,"column":44}}],"line":22},"2":{"loc":{"start":{"line":25,"column":2},"end":{"line":27,"column":3}},"type":"if","locations":[{"start":{"line":25,"column":2},"end":{"line":27,"column":3}},{"start":{"line":25,"column":2},"end":{"line":27,"column":3}}],"line":25},"3":{"loc":{"start":{"line":30,"column":2},"end":{"line":32,"column":3}},"type":"if","locations":[{"start":{"line":30,"column":2},"end":{"line":32,"column":3}},{"start":{"line":30,"column":2},"end":{"line":32,"column":3}}],"line":30},"4":{"loc":{"start":{"line":30,"column":6},"end":{"line":30,"column":52}},"type":"binary-expr","locations":[{"start":{"line":30,"column":6},"end":{"line":30,"column":18}},{"start":{"line":30,"column":23},"end":{"line":30,"column":35}},{"start":{"line":30,"column":39},"end":{"line":30,"column":51}}],"line":30},"5":{"loc":{"start":{"line":35,"column":2},"end":{"line":37,"column":3}},"type":"if","locations":[{"start":{"line":35,"column":2},"end":{"line":37,"column":3}},{"start":{"line":35,"column":2},"end":{"line":37,"column":3}}],"line":35},"6":{"loc":{"start":{"line":40,"column":2},"end":{"line":61,"column":3}},"type":"if","locations":[{"start":{"line":40,"column":2},"end":{"line":61,"column":3}},{"start":{"line":40,"column":2},"end":{"line":61,"column":3}}],"line":40},"7":{"loc":{"start":{"line":47,"column":6},"end":{"line":53,"column":7}},"type":"if","locations":[{"start":{"line":47,"column":6},"end":{"line":53,"column":7}},{"start":{"line":47,"column":6},"end":{"line":53,"column":7}}],"line":47},"8":{"loc":{"start":{"line":72,"column":13},"end":{"line":72,"column":23}},"type":"default-arg","locations":[{"start":{"line":72,"column":21},"end":{"line":72,"column":23}}],"line":72}},"s":{"0":5,"1":5,"2":5,"3":5,"4":5,"5":5,"6":42,"7":5,"8":37,"9":5,"10":32,"11":30,"12":32,"13":0,"14":32,"15":14,"16":32,"17":2,"18":2,"19":4,"20":2,"21":2,"22":2,"23":2,"24":32,"25":5,"26":5,"27":5,"28":0,"29":5},"f":{"0":42,"1":4,"2":5,"3":0},"b":{"0":[5,37],"1":[5,32],"2":[30,2],"3":[0,32],"4":[32,18,18],"5":[14,18],"6":[2,30],"7":[2,2],"8":[0]},"_coverageSchema":"332fd63041d2c1bcb487cc26dd0d5f7d97098a6c","hash":"018b17381a05a6898b3552ac1c59a5b2849bef27"}
,"C:\\Projects\\rgy\\src\\helpers\\clean.js": {"path":"C:\\Projects\\rgy\\src\\helpers\\clean.js","statementMap":{"0":{"start":{"line":1,"column":0},"end":{"line":8,"column":2}},"1":{"start":{"line":2,"column":24},"end":{"line":5,"column":14}},"2":{"start":{"line":4,"column":14},"end":{"line":4,"column":22}},"3":{"start":{"line":7,"column":2},"end":{"line":7,"column":64}}},"fnMap":{"0":{"name":"(anonymous_0)","decl":{"start":{"line":1,"column":17},"end":{"line":1,"column":18}},"loc":{"start":{"line":1,"column":24},"end":{"line":8,"column":1}},"line":1},"1":{"name":"(anonymous_1)","decl":{"start":{"line":4,"column":9},"end":{"line":4,"column":10}},"loc":{"start":{"line":4,"column":14},"end":{"line":4,"column":22}},"line":4}},"branchMap":{},"s":{"0":7,"1":1219,"2":17066,"3":1219},"f":{"0":1219,"1":17066},"b":{},"_coverageSchema":"332fd63041d2c1bcb487cc26dd0d5f7d97098a6c","hash":"9f3e3eb420f5e2349b532079d5a826b1d8e70f99"}
,"C:\\Projects\\rgy\\src\\helpers\\constants.js": {"path":"C:\\Projects\\rgy\\src\\helpers\\constants.js","statementMap":{"0":{"start":{"line":1,"column":14},"end":{"line":1,"column":29}},"1":{"start":{"line":2,"column":12},"end":{"line":2,"column":25}},"2":{"start":{"line":3,"column":16},"end":{"line":3,"column":38}},"3":{"start":{"line":4,"column":21},"end":{"line":4,"column":59}},"4":{"start":{"line":5,"column":21},"end":{"line":5,"column":59}},"5":{"start":{"line":5,"column":43},"end":{"line":5,"column":58}},"6":{"start":{"line":6,"column":16},"end":{"line":6,"column":50}},"7":{"start":{"line":7,"column":21},"end":{"line":7,"column":45}},"8":{"start":{"line":8,"column":14},"end":{"line":8,"column":25}},"9":{"start":{"line":10,"column":0},"end":{"line":19,"column":2}}},"fnMap":{"0":{"name":"(anonymous_0)","decl":{"start":{"line":5,"column":38},"end":{"line":5,"column":39}},"loc":{"start":{"line":5,"column":43},"end":{"line":5,"column":58}},"line":5}},"branchMap":{},"s":{"0":6,"1":6,"2":6,"3":6,"4":6,"5":156,"6":6,"7":6,"8":6,"9":6},"f":{"0":156},"b":{},"_coverageSchema":"332fd63041d2c1bcb487cc26dd0d5f7d97098a6c","hash":"05040ad4ea1a476495f64afd11b7e2fad9a40096"}
,"C:\\Projects\\rgy\\src\\helpers\\multiJoin.js": {"path":"C:\\Projects\\rgy\\src\\helpers\\multiJoin.js","statementMap":{"0":{"start":{"line":11,"column":18},"end":{"line":27,"column":1}},"1":{"start":{"line":13,"column":2},"end":{"line":14,"column":38}},"2":{"start":{"line":14,"column":4},"end":{"line":14,"column":38}},"3":{"start":{"line":17,"column":2},"end":{"line":23,"column":3}},"4":{"start":{"line":18,"column":22},"end":{"line":20,"column":10}},"5":{"start":{"line":19,"column":6},"end":{"line":19,"column":42}},"6":{"start":{"line":22,"column":4},"end":{"line":22,"column":33}},"7":{"start":{"line":26,"column":2},"end":{"line":26,"column":73}},"8":{"start":{"line":29,"column":0},"end":{"line":29,"column":27}}},"fnMap":{"0":{"name":"(anonymous_0)","decl":{"start":{"line":11,"column":18},"end":{"line":11,"column":19}},"loc":{"start":{"line":11,"column":30},"end":{"line":27,"column":1}},"line":11},"1":{"name":"(anonymous_1)","decl":{"start":{"line":18,"column":38},"end":{"line":18,"column":39}},"loc":{"start":{"line":18,"column":56},"end":{"line":20,"column":5}},"line":18}},"branchMap":{"0":{"loc":{"start":{"line":13,"column":2},"end":{"line":14,"column":38}},"type":"if","locations":[{"start":{"line":13,"column":2},"end":{"line":14,"column":38}},{"start":{"line":13,"column":2},"end":{"line":14,"column":38}}],"line":13},"1":{"loc":{"start":{"line":13,"column":6},"end":{"line":13,"column":66}},"type":"binary-expr","locations":[{"start":{"line":13,"column":6},"end":{"line":13,"column":34}},{"start":{"line":13,"column":38},"end":{"line":13,"column":66}}],"line":13},"2":{"loc":{"start":{"line":17,"column":2},"end":{"line":23,"column":3}},"type":"if","locations":[{"start":{"line":17,"column":2},"end":{"line":23,"column":3}},{"start":{"line":17,"column":2},"end":{"line":23,"column":3}}],"line":17}},"s":{"0":6,"1":1228,"2":1206,"3":22,"4":21,"5":1190,"6":21,"7":1,"8":6},"f":{"0":1228,"1":1190},"b":{"0":[1206,22],"1":[1228,1046],"2":[21,1]},"_coverageSchema":"332fd63041d2c1bcb487cc26dd0d5f7d97098a6c","hash":"9a35f2264b2a22b4414e8938f9629d05f94e0552"}
,"C:\\Projects\\rgy\\src\\helpers\\range.js": {"path":"C:\\Projects\\rgy\\src\\helpers\\range.js","statementMap":{"0":{"start":{"line":3,"column":14},"end":{"line":45,"column":1}},"1":{"start":{"line":5,"column":2},"end":{"line":44,"column":3}},"2":{"start":{"line":6,"column":4},"end":{"line":33,"column":5}},"3":{"start":{"line":8,"column":18},"end":{"line":8,"column":45}},"4":{"start":{"line":9,"column":17},"end":{"line":9,"column":43}},"5":{"start":{"line":10,"column":6},"end":{"line":12,"column":7}},"6":{"start":{"line":11,"column":8},"end":{"line":11,"column":59}},"7":{"start":{"line":14,"column":6},"end":{"line":14,"column":49}},"8":{"start":{"line":17,"column":9},"end":{"line":33,"column":5}},"9":{"start":{"line":19,"column":18},"end":{"line":19,"column":45}},"10":{"start":{"line":20,"column":17},"end":{"line":20,"column":43}},"11":{"start":{"line":21,"column":6},"end":{"line":23,"column":7}},"12":{"start":{"line":22,"column":8},"end":{"line":22,"column":59}},"13":{"start":{"line":25,"column":6},"end":{"line":25,"column":49}},"14":{"start":{"line":29,"column":6},"end":{"line":32,"column":8}},"15":{"start":{"line":35,"column":7},"end":{"line":44,"column":3}},"16":{"start":{"line":37,"column":18},"end":{"line":37,"column":20}},"17":{"start":{"line":40,"column":4},"end":{"line":40,"column":56}},"18":{"start":{"line":40,"column":40},"end":{"line":40,"column":56}},"19":{"start":{"line":43,"column":4},"end":{"line":43,"column":19}},"20":{"start":{"line":47,"column":0},"end":{"line":47,"column":23}}},"fnMap":{"0":{"name":"(anonymous_0)","decl":{"start":{"line":3,"column":14},"end":{"line":3,"column":15}},"loc":{"start":{"line":3,"column":31},"end":{"line":45,"column":1}},"line":3}},"branchMap":{"0":{"loc":{"start":{"line":5,"column":2},"end":{"line":44,"column":3}},"type":"if","locations":[{"start":{"line":5,"column":2},"end":{"line":44,"column":3}},{"start":{"line":5,"column":2},"end":{"line":44,"column":3}}],"line":5},"1":{"loc":{"start":{"line":5,"column":6},"end":{"line":5,"column":59}},"type":"binary-expr","locations":[{"start":{"line":5,"column":6},"end":{"line":5,"column":31}},{"start":{"line":5,"column":35},"end":{"line":5,"column":59}}],"line":5},"2":{"loc":{"start":{"line":6,"column":4},"end":{"line":33,"column":5}},"type":"if","locations":[{"start":{"line":6,"column":4},"end":{"line":33,"column":5}},{"start":{"line":6,"column":4},"end":{"line":33,"column":5}}],"line":6},"3":{"loc":{"start":{"line":6,"column":8},"end":{"line":6,"column":67}},"type":"binary-expr","locations":[{"start":{"line":6,"column":8},"end":{"line":6,"column":37}},{"start":{"line":6,"column":41},"end":{"line":6,"column":67}}],"line":6},"4":{"loc":{"start":{"line":10,"column":6},"end":{"line":12,"column":7}},"type":"if","locations":[{"start":{"line":10,"column":6},"end":{"line":12,"column":7}},{"start":{"line":10,"column":6},"end":{"line":12,"column":7}}],"line":10},"5":{"loc":{"start":{"line":17,"column":9},"end":{"line":33,"column":5}},"type":"if","locations":[{"start":{"line":17,"column":9},"end":{"line":33,"column":5}},{"start":{"line":17,"column":9},"end":{"line":33,"column":5}}],"line":17},"6":{"loc":{"start":{"line":17,"column":13},"end":{"line":17,"column":72}},"type":"binary-expr","locations":[{"start":{"line":17,"column":13},"end":{"line":17,"column":42}},{"start":{"line":17,"column":46},"end":{"line":17,"column":72}}],"line":17},"7":{"loc":{"start":{"line":21,"column":6},"end":{"line":23,"column":7}},"type":"if","locations":[{"start":{"line":21,"column":6},"end":{"line":23,"column":7}},{"start":{"line":21,"column":6},"end":{"line":23,"column":7}}],"line":21},"8":{"loc":{"start":{"line":35,"column":7},"end":{"line":44,"column":3}},"type":"if","locations":[{"start":{"line":35,"column":7},"end":{"line":44,"column":3}},{"start":{"line":35,"column":7},"end":{"line":44,"column":3}}],"line":35},"9":{"loc":{"start":{"line":35,"column":11},"end":{"line":35,"column":60}},"type":"binary-expr","locations":[{"start":{"line":35,"column":11},"end":{"line":35,"column":34}},{"start":{"line":35,"column":38},"end":{"line":35,"column":60}}],"line":35}},"s":{"0":5,"1":39,"2":32,"3":10,"4":10,"5":10,"6":1,"7":9,"8":22,"9":15,"10":15,"11":15,"12":2,"13":13,"14":7,"15":7,"16":7,"17":7,"18":312,"19":7,"20":5},"f":{"0":39},"b":{"0":[32,7],"1":[39,32],"2":[10,22],"3":[32,17],"4":[1,9],"5":[15,7],"6":[22,15],"7":[2,13],"8":[7,0],"9":[7,7]},"_coverageSchema":"332fd63041d2c1bcb487cc26dd0d5f7d97098a6c","hash":"7d408fc117d5596ab61e521c84648a8af2f2be12"}
,"C:\\Projects\\rgy\\src\\strategies\\rgyMatch.js": {"path":"C:\\Projects\\rgy\\src\\strategies\\rgyMatch.js","statementMap":{"0":{"start":{"line":3,"column":17},"end":{"line":4,"column":37}},"1":{"start":{"line":3,"column":34},"end":{"line":4,"column":37}},"2":{"start":{"line":3,"column":43},"end":{"line":4,"column":37}},"3":{"start":{"line":4,"column":2},"end":{"line":4,"column":37}},"4":{"start":{"line":6,"column":0},"end":{"line":6,"column":26}}},"fnMap":{"0":{"name":"(anonymous_0)","decl":{"start":{"line":3,"column":17},"end":{"line":3,"column":18}},"loc":{"start":{"line":3,"column":34},"end":{"line":4,"column":37}},"line":3},"1":{"name":"(anonymous_1)","decl":{"start":{"line":3,"column":34},"end":{"line":3,"column":35}},"loc":{"start":{"line":3,"column":43},"end":{"line":4,"column":37}},"line":3},"2":{"name":"(anonymous_2)","decl":{"start":{"line":3,"column":43},"end":{"line":3,"column":44}},"loc":{"start":{"line":4,"column":2},"end":{"line":4,"column":37}},"line":4}},"branchMap":{},"s":{"0":5,"1":5,"2":0,"3":0,"4":5},"f":{"0":5,"1":0,"2":0},"b":{},"_coverageSchema":"332fd63041d2c1bcb487cc26dd0d5f7d97098a6c","hash":"299096874afc7adb14cfbaf80ff6c7182814c879"}
,"C:\\Projects\\rgy\\src\\strategies\\rgyReplace.js": {"path":"C:\\Projects\\rgy\\src\\strategies\\rgyReplace.js","statementMap":{"0":{"start":{"line":1,"column":19},"end":{"line":1,"column":102}},"1":{"start":{"line":1,"column":36},"end":{"line":1,"column":102}},"2":{"start":{"line":1,"column":54},"end":{"line":1,"column":102}},"3":{"start":{"line":3,"column":0},"end":{"line":3,"column":28}}},"fnMap":{"0":{"name":"(anonymous_0)","decl":{"start":{"line":1,"column":19},"end":{"line":1,"column":20}},"loc":{"start":{"line":1,"column":36},"end":{"line":1,"column":102}},"line":1},"1":{"name":"(anonymous_1)","decl":{"start":{"line":1,"column":36},"end":{"line":1,"column":37}},"loc":{"start":{"line":1,"column":54},"end":{"line":1,"column":102}},"line":1}},"branchMap":{},"s":{"0":5,"1":5,"2":0,"3":5},"f":{"0":5,"1":0},"b":{},"_coverageSchema":"332fd63041d2c1bcb487cc26dd0d5f7d97098a6c","hash":"8341b62840460bf114154224d317e34dc63e4837"}
,"C:\\Projects\\rgy\\src\\strategies\\rgyTest.js": {"path":"C:\\Projects\\rgy\\src\\strategies\\rgyTest.js","statementMap":{"0":{"start":{"line":1,"column":16},"end":{"line":1,"column":77}},"1":{"start":{"line":1,"column":33},"end":{"line":1,"column":77}},"2":{"start":{"line":1,"column":43},"end":{"line":1,"column":77}},"3":{"start":{"line":3,"column":0},"end":{"line":3,"column":25}}},"fnMap":{"0":{"name":"(anonymous_0)","decl":{"start":{"line":1,"column":16},"end":{"line":1,"column":17}},"loc":{"start":{"line":1,"column":33},"end":{"line":1,"column":77}},"line":1},"1":{"name":"(anonymous_1)","decl":{"start":{"line":1,"column":33},"end":{"line":1,"column":34}},"loc":{"start":{"line":1,"column":43},"end":{"line":1,"column":77}},"line":1}},"branchMap":{},"s":{"0":5,"1":5,"2":150,"3":5},"f":{"0":5,"1":150},"b":{},"_coverageSchema":"332fd63041d2c1bcb487cc26dd0d5f7d97098a6c","hash":"8255963f7993a5e5c9b1f72affe2e53707b56be9"}
}
