{"C:\\Projects\\rgy\\src\\rgy.js": {"path":"C:\\Projects\\rgy\\src\\rgy.js","statementMap":{"0":{"start":{"line":2,"column":18},"end":{"line":2,"column":48}},"1":{"start":{"line":3,"column":23},"end":{"line":3,"column":53}},"2":{"start":{"line":21,"column":18},"end":{"line":74,"column":1}},"3":{"start":{"line":23,"column":2},"end":{"line":23,"column":46}},"4":{"start":{"line":23,"column":22},"end":{"line":23,"column":46}},"5":{"start":{"line":26,"column":2},"end":{"line":26,"column":44}},"6":{"start":{"line":26,"column":20},"end":{"line":26,"column":44}},"7":{"start":{"line":29,"column":2},"end":{"line":31,"column":3}},"8":{"start":{"line":30,"column":4},"end":{"line":30,"column":47}},"9":{"start":{"line":34,"column":2},"end":{"line":36,"column":3}},"10":{"start":{"line":35,"column":4},"end":{"line":35,"column":54}},"11":{"start":{"line":39,"column":2},"end":{"line":41,"column":3}},"12":{"start":{"line":40,"column":4},"end":{"line":40,"column":37}},"13":{"start":{"line":44,"column":2},"end":{"line":65,"column":3}},"14":{"start":{"line":46,"column":20},"end":{"line":46,"column":32}},"15":{"start":{"line":49,"column":26},"end":{"line":58,"column":6}},"16":{"start":{"line":51,"column":6},"end":{"line":57,"column":7}},"17":{"start":{"line":52,"column":8},"end":{"line":52,"column":44}},"18":{"start":{"line":56,"column":8},"end":{"line":56,"column":37}},"19":{"start":{"line":61,"column":26},"end":{"line":61,"column":49}},"20":{"start":{"line":64,"column":4},"end":{"line":64,"column":46}},"21":{"start":{"line":68,"column":2},"end":{"line":70,"column":3}},"22":{"start":{"line":69,"column":4},"end":{"line":69,"column":40}},"23":{"start":{"line":73,"column":2},"end":{"line":73,"column":20}},"24":{"start":{"line":76,"column":12},"end":{"line":85,"column":1}},"25":{"start":{"line":77,"column":22},"end":{"line":77,"column":61}},"26":{"start":{"line":79,"column":2},"end":{"line":84,"column":4}},"27":{"start":{"line":83,"column":17},"end":{"line":83,"column":43}}},"fnMap":{"0":{"name":"(anonymous_0)","decl":{"start":{"line":21,"column":18},"end":{"line":21,"column":19}},"loc":{"start":{"line":21,"column":40},"end":{"line":74,"column":1}},"line":21},"1":{"name":"(anonymous_1)","decl":{"start":{"line":49,"column":38},"end":{"line":49,"column":39}},"loc":{"start":{"line":49,"column":48},"end":{"line":58,"column":5}},"line":49},"2":{"name":"(anonymous_2)","decl":{"start":{"line":76,"column":12},"end":{"line":76,"column":13}},"loc":{"start":{"line":76,"column":28},"end":{"line":85,"column":1}},"line":76},"3":{"name":"(anonymous_3)","decl":{"start":{"line":83,"column":11},"end":{"line":83,"column":12}},"loc":{"start":{"line":83,"column":17},"end":{"line":83,"column":43}},"line":83}},"branchMap":{"0":{"loc":{"start":{"line":23,"column":2},"end":{"line":23,"column":46}},"type":"if","locations":[{"start":{"line":23,"column":2},"end":{"line":23,"column":46}},{"start":{"line":23,"column":2},"end":{"line":23,"column":46}}],"line":23},"1":{"loc":{"start":{"line":26,"column":2},"end":{"line":26,"column":44}},"type":"if","locations":[{"start":{"line":26,"column":2},"end":{"line":26,"column":44}},{"start":{"line":26,"column":2},"end":{"line":26,"column":44}}],"line":26},"2":{"loc":{"start":{"line":29,"column":2},"end":{"line":31,"column":3}},"type":"if","locations":[{"start":{"line":29,"column":2},"end":{"line":31,"column":3}},{"start":{"line":29,"column":2},"end":{"line":31,"column":3}}],"line":29},"3":{"loc":{"start":{"line":34,"column":2},"end":{"line":36,"column":3}},"type":"if","locations":[{"start":{"line":34,"column":2},"end":{"line":36,"column":3}},{"start":{"line":34,"column":2},"end":{"line":36,"column":3}}],"line":34},"4":{"loc":{"start":{"line":34,"column":6},"end":{"line":34,"column":52}},"type":"binary-expr","locations":[{"start":{"line":34,"column":6},"end":{"line":34,"column":18}},{"start":{"line":34,"column":23},"end":{"line":34,"column":35}},{"start":{"line":34,"column":39},"end":{"line":34,"column":51}}],"line":34},"5":{"loc":{"start":{"line":39,"column":2},"end":{"line":41,"column":3}},"type":"if","locations":[{"start":{"line":39,"column":2},"end":{"line":41,"column":3}},{"start":{"line":39,"column":2},"end":{"line":41,"column":3}}],"line":39},"6":{"loc":{"start":{"line":44,"column":2},"end":{"line":65,"column":3}},"type":"if","locations":[{"start":{"line":44,"column":2},"end":{"line":65,"column":3}},{"start":{"line":44,"column":2},"end":{"line":65,"column":3}}],"line":44},"7":{"loc":{"start":{"line":51,"column":6},"end":{"line":57,"column":7}},"type":"if","locations":[{"start":{"line":51,"column":6},"end":{"line":57,"column":7}},{"start":{"line":51,"column":6},"end":{"line":57,"column":7}}],"line":51},"8":{"loc":{"start":{"line":68,"column":2},"end":{"line":70,"column":3}},"type":"if","locations":[{"start":{"line":68,"column":2},"end":{"line":70,"column":3}},{"start":{"line":68,"column":2},"end":{"line":70,"column":3}}],"line":68},"9":{"loc":{"start":{"line":76,"column":13},"end":{"line":76,"column":23}},"type":"default-arg","locations":[{"start":{"line":76,"column":21},"end":{"line":76,"column":23}}],"line":76}},"s":{"0":5,"1":5,"2":5,"3":42,"4":5,"5":37,"6":5,"7":32,"8":30,"9":32,"10":0,"11":32,"12":14,"13":32,"14":2,"15":2,"16":4,"17":2,"18":2,"19":2,"20":2,"21":32,"22":0,"23":32,"24":5,"25":5,"26":5,"27":0},"f":{"0":42,"1":4,"2":5,"3":0},"b":{"0":[5,37],"1":[5,32],"2":[30,2],"3":[0,32],"4":[32,18,18],"5":[14,18],"6":[2,30],"7":[2,2],"8":[0,32],"9":[0]},"_coverageSchema":"332fd63041d2c1bcb487cc26dd0d5f7d97098a6c","hash":"0b4365bc041c2095c2c0d3f6575ab1b5c152135c"}
,"C:\\Projects\\rgy\\src\\helpers\\clean.js": {"path":"C:\\Projects\\rgy\\src\\helpers\\clean.js","statementMap":{"0":{"start":{"line":13,"column":14},"end":{"line":20,"column":1}},"1":{"start":{"line":14,"column":24},"end":{"line":17,"column":14}},"2":{"start":{"line":16,"column":14},"end":{"line":16,"column":22}},"3":{"start":{"line":19,"column":2},"end":{"line":19,"column":64}}},"fnMap":{"0":{"name":"(anonymous_0)","decl":{"start":{"line":13,"column":14},"end":{"line":13,"column":15}},"loc":{"start":{"line":13,"column":21},"end":{"line":20,"column":1}},"line":13},"1":{"name":"(anonymous_1)","decl":{"start":{"line":16,"column":9},"end":{"line":16,"column":10}},"loc":{"start":{"line":16,"column":14},"end":{"line":16,"column":22}},"line":16}},"branchMap":{},"s":{"0":7,"1":1219,"2":17066,"3":1219},"f":{"0":1219,"1":17066},"b":{},"_coverageSchema":"332fd63041d2c1bcb487cc26dd0d5f7d97098a6c","hash":"d5f7ba68a0f7a923da216c2f0b7ab26d6b2a60a1"}
,"C:\\Projects\\rgy\\src\\helpers\\constants.js": {"path":"C:\\Projects\\rgy\\src\\helpers\\constants.js","statementMap":{"0":{"start":{"line":8,"column":14},"end":{"line":8,"column":29}},"1":{"start":{"line":13,"column":12},"end":{"line":13,"column":25}},"2":{"start":{"line":18,"column":16},"end":{"line":18,"column":38}},"3":{"start":{"line":23,"column":21},"end":{"line":23,"column":59}},"4":{"start":{"line":28,"column":21},"end":{"line":28,"column":59}},"5":{"start":{"line":28,"column":43},"end":{"line":28,"column":58}},"6":{"start":{"line":33,"column":16},"end":{"line":33,"column":50}},"7":{"start":{"line":38,"column":21},"end":{"line":38,"column":45}},"8":{"start":{"line":43,"column":14},"end":{"line":43,"column":25}}},"fnMap":{"0":{"name":"(anonymous_0)","decl":{"start":{"line":28,"column":38},"end":{"line":28,"column":39}},"loc":{"start":{"line":28,"column":43},"end":{"line":28,"column":58}},"line":28}},"branchMap":{},"s":{"0":6,"1":6,"2":6,"3":6,"4":6,"5":156,"6":6,"7":6,"8":6},"f":{"0":156},"b":{},"_coverageSchema":"332fd63041d2c1bcb487cc26dd0d5f7d97098a6c","hash":"b3ead5cb51c98b646ddde1171cd1262c7d5de9a9"}
,"C:\\Projects\\rgy\\src\\helpers\\multiJoin.js": {"path":"C:\\Projects\\rgy\\src\\helpers\\multiJoin.js","statementMap":{"0":{"start":{"line":10,"column":18},"end":{"line":25,"column":1}},"1":{"start":{"line":12,"column":2},"end":{"line":12,"column":102}},"2":{"start":{"line":12,"column":68},"end":{"line":12,"column":102}},"3":{"start":{"line":15,"column":2},"end":{"line":21,"column":3}},"4":{"start":{"line":16,"column":22},"end":{"line":18,"column":10}},"5":{"start":{"line":17,"column":6},"end":{"line":17,"column":42}},"6":{"start":{"line":20,"column":4},"end":{"line":20,"column":33}},"7":{"start":{"line":24,"column":2},"end":{"line":24,"column":73}},"8":{"start":{"line":27,"column":0},"end":{"line":27,"column":27}}},"fnMap":{"0":{"name":"(anonymous_0)","decl":{"start":{"line":10,"column":18},"end":{"line":10,"column":19}},"loc":{"start":{"line":10,"column":30},"end":{"line":25,"column":1}},"line":10},"1":{"name":"(anonymous_1)","decl":{"start":{"line":16,"column":38},"end":{"line":16,"column":39}},"loc":{"start":{"line":16,"column":56},"end":{"line":18,"column":5}},"line":16}},"branchMap":{"0":{"loc":{"start":{"line":12,"column":2},"end":{"line":12,"column":102}},"type":"if","locations":[{"start":{"line":12,"column":2},"end":{"line":12,"column":102}},{"start":{"line":12,"column":2},"end":{"line":12,"column":102}}],"line":12},"1":{"loc":{"start":{"line":12,"column":6},"end":{"line":12,"column":66}},"type":"binary-expr","locations":[{"start":{"line":12,"column":6},"end":{"line":12,"column":34}},{"start":{"line":12,"column":38},"end":{"line":12,"column":66}}],"line":12},"2":{"loc":{"start":{"line":15,"column":2},"end":{"line":21,"column":3}},"type":"if","locations":[{"start":{"line":15,"column":2},"end":{"line":21,"column":3}},{"start":{"line":15,"column":2},"end":{"line":21,"column":3}}],"line":15}},"s":{"0":6,"1":1228,"2":1206,"3":22,"4":21,"5":1190,"6":21,"7":1,"8":6},"f":{"0":1228,"1":1190},"b":{"0":[1206,22],"1":[1228,1046],"2":[21,1]},"_coverageSchema":"332fd63041d2c1bcb487cc26dd0d5f7d97098a6c","hash":"859bfd226b1645de3ea693496cf354155b12472e"}
,"C:\\Projects\\rgy\\src\\helpers\\range.js": {"path":"C:\\Projects\\rgy\\src\\helpers\\range.js","statementMap":{"0":{"start":{"line":19,"column":14},"end":{"line":61,"column":1}},"1":{"start":{"line":21,"column":2},"end":{"line":60,"column":3}},"2":{"start":{"line":22,"column":4},"end":{"line":49,"column":5}},"3":{"start":{"line":24,"column":18},"end":{"line":24,"column":45}},"4":{"start":{"line":25,"column":17},"end":{"line":25,"column":43}},"5":{"start":{"line":26,"column":6},"end":{"line":28,"column":7}},"6":{"start":{"line":27,"column":8},"end":{"line":27,"column":59}},"7":{"start":{"line":30,"column":6},"end":{"line":30,"column":49}},"8":{"start":{"line":33,"column":9},"end":{"line":49,"column":5}},"9":{"start":{"line":35,"column":18},"end":{"line":35,"column":45}},"10":{"start":{"line":36,"column":17},"end":{"line":36,"column":43}},"11":{"start":{"line":37,"column":6},"end":{"line":39,"column":7}},"12":{"start":{"line":38,"column":8},"end":{"line":38,"column":59}},"13":{"start":{"line":41,"column":6},"end":{"line":41,"column":49}},"14":{"start":{"line":45,"column":6},"end":{"line":48,"column":8}},"15":{"start":{"line":51,"column":7},"end":{"line":60,"column":3}},"16":{"start":{"line":53,"column":18},"end":{"line":53,"column":20}},"17":{"start":{"line":56,"column":4},"end":{"line":56,"column":56}},"18":{"start":{"line":56,"column":40},"end":{"line":56,"column":56}},"19":{"start":{"line":59,"column":4},"end":{"line":59,"column":19}},"20":{"start":{"line":63,"column":0},"end":{"line":63,"column":23}}},"fnMap":{"0":{"name":"(anonymous_0)","decl":{"start":{"line":19,"column":14},"end":{"line":19,"column":15}},"loc":{"start":{"line":19,"column":31},"end":{"line":61,"column":1}},"line":19}},"branchMap":{"0":{"loc":{"start":{"line":21,"column":2},"end":{"line":60,"column":3}},"type":"if","locations":[{"start":{"line":21,"column":2},"end":{"line":60,"column":3}},{"start":{"line":21,"column":2},"end":{"line":60,"column":3}}],"line":21},"1":{"loc":{"start":{"line":21,"column":6},"end":{"line":21,"column":59}},"type":"binary-expr","locations":[{"start":{"line":21,"column":6},"end":{"line":21,"column":31}},{"start":{"line":21,"column":35},"end":{"line":21,"column":59}}],"line":21},"2":{"loc":{"start":{"line":22,"column":4},"end":{"line":49,"column":5}},"type":"if","locations":[{"start":{"line":22,"column":4},"end":{"line":49,"column":5}},{"start":{"line":22,"column":4},"end":{"line":49,"column":5}}],"line":22},"3":{"loc":{"start":{"line":22,"column":8},"end":{"line":22,"column":67}},"type":"binary-expr","locations":[{"start":{"line":22,"column":8},"end":{"line":22,"column":37}},{"start":{"line":22,"column":41},"end":{"line":22,"column":67}}],"line":22},"4":{"loc":{"start":{"line":26,"column":6},"end":{"line":28,"column":7}},"type":"if","locations":[{"start":{"line":26,"column":6},"end":{"line":28,"column":7}},{"start":{"line":26,"column":6},"end":{"line":28,"column":7}}],"line":26},"5":{"loc":{"start":{"line":33,"column":9},"end":{"line":49,"column":5}},"type":"if","locations":[{"start":{"line":33,"column":9},"end":{"line":49,"column":5}},{"start":{"line":33,"column":9},"end":{"line":49,"column":5}}],"line":33},"6":{"loc":{"start":{"line":33,"column":13},"end":{"line":33,"column":72}},"type":"binary-expr","locations":[{"start":{"line":33,"column":13},"end":{"line":33,"column":42}},{"start":{"line":33,"column":46},"end":{"line":33,"column":72}}],"line":33},"7":{"loc":{"start":{"line":37,"column":6},"end":{"line":39,"column":7}},"type":"if","locations":[{"start":{"line":37,"column":6},"end":{"line":39,"column":7}},{"start":{"line":37,"column":6},"end":{"line":39,"column":7}}],"line":37},"8":{"loc":{"start":{"line":51,"column":7},"end":{"line":60,"column":3}},"type":"if","locations":[{"start":{"line":51,"column":7},"end":{"line":60,"column":3}},{"start":{"line":51,"column":7},"end":{"line":60,"column":3}}],"line":51},"9":{"loc":{"start":{"line":51,"column":11},"end":{"line":51,"column":60}},"type":"binary-expr","locations":[{"start":{"line":51,"column":11},"end":{"line":51,"column":34}},{"start":{"line":51,"column":38},"end":{"line":51,"column":60}}],"line":51}},"s":{"0":5,"1":39,"2":32,"3":10,"4":10,"5":10,"6":1,"7":9,"8":22,"9":15,"10":15,"11":15,"12":2,"13":13,"14":7,"15":7,"16":7,"17":7,"18":312,"19":7,"20":5},"f":{"0":39},"b":{"0":[32,7],"1":[39,32],"2":[10,22],"3":[32,17],"4":[1,9],"5":[15,7],"6":[22,15],"7":[2,13],"8":[7,0],"9":[7,7]},"_coverageSchema":"332fd63041d2c1bcb487cc26dd0d5f7d97098a6c","hash":"481c23739a922bf7c545e60df273c50e74e7dd15"}
,"C:\\Projects\\rgy\\src\\strategies\\rgyMatch.js": {"path":"C:\\Projects\\rgy\\src\\strategies\\rgyMatch.js","statementMap":{"0":{"start":{"line":1,"column":17},"end":{"line":3,"column":1}},"1":{"start":{"line":1,"column":34},"end":{"line":3,"column":1}},"2":{"start":{"line":2,"column":2},"end":{"line":2,"column":51}}},"fnMap":{"0":{"name":"(anonymous_0)","decl":{"start":{"line":1,"column":17},"end":{"line":1,"column":18}},"loc":{"start":{"line":1,"column":34},"end":{"line":3,"column":1}},"line":1},"1":{"name":"(anonymous_1)","decl":{"start":{"line":1,"column":34},"end":{"line":1,"column":35}},"loc":{"start":{"line":1,"column":44},"end":{"line":3,"column":1}},"line":1}},"branchMap":{},"s":{"0":6,"1":6,"2":1},"f":{"0":6,"1":1},"b":{},"_coverageSchema":"332fd63041d2c1bcb487cc26dd0d5f7d97098a6c","hash":"cac44583f568b65c46c01b8db061416f2c401935"}
,"C:\\Projects\\rgy\\src\\strategies\\rgyReplace.js": {"path":"C:\\Projects\\rgy\\src\\strategies\\rgyReplace.js","statementMap":{"0":{"start":{"line":1,"column":19},"end":{"line":1,"column":103}},"1":{"start":{"line":1,"column":36},"end":{"line":1,"column":103}},"2":{"start":{"line":1,"column":54},"end":{"line":1,"column":103}},"3":{"start":{"line":3,"column":0},"end":{"line":3,"column":28}}},"fnMap":{"0":{"name":"(anonymous_0)","decl":{"start":{"line":1,"column":19},"end":{"line":1,"column":20}},"loc":{"start":{"line":1,"column":36},"end":{"line":1,"column":103}},"line":1},"1":{"name":"(anonymous_1)","decl":{"start":{"line":1,"column":36},"end":{"line":1,"column":37}},"loc":{"start":{"line":1,"column":54},"end":{"line":1,"column":103}},"line":1}},"branchMap":{},"s":{"0":6,"1":6,"2":1,"3":6},"f":{"0":6,"1":1},"b":{},"_coverageSchema":"332fd63041d2c1bcb487cc26dd0d5f7d97098a6c","hash":"fb585f633d153d3e65283d3374fd6bdccbd1e77b"}
,"C:\\Projects\\rgy\\src\\strategies\\rgyTest.js": {"path":"C:\\Projects\\rgy\\src\\strategies\\rgyTest.js","statementMap":{"0":{"start":{"line":1,"column":16},"end":{"line":1,"column":77}},"1":{"start":{"line":1,"column":33},"end":{"line":1,"column":77}},"2":{"start":{"line":1,"column":43},"end":{"line":1,"column":77}},"3":{"start":{"line":3,"column":0},"end":{"line":3,"column":25}}},"fnMap":{"0":{"name":"(anonymous_0)","decl":{"start":{"line":1,"column":16},"end":{"line":1,"column":17}},"loc":{"start":{"line":1,"column":33},"end":{"line":1,"column":77}},"line":1},"1":{"name":"(anonymous_1)","decl":{"start":{"line":1,"column":33},"end":{"line":1,"column":34}},"loc":{"start":{"line":1,"column":43},"end":{"line":1,"column":77}},"line":1}},"branchMap":{},"s":{"0":6,"1":7,"2":152,"3":6},"f":{"0":7,"1":152},"b":{},"_coverageSchema":"332fd63041d2c1bcb487cc26dd0d5f7d97098a6c","hash":"8255963f7993a5e5c9b1f72affe2e53707b56be9"}
}
