TN:
SF:C:\Projects\rgy\src\rgy.js
FN:21,(anonymous_0)
FN:49,(anonymous_1)
FN:76,(anonymous_2)
FN:83,(anonymous_3)
FNF:4
FNH:3
FNDA:42,(anonymous_0)
FNDA:4,(anonymous_1)
FNDA:5,(anonymous_2)
FNDA:0,(anonymous_3)
DA:2,5
DA:3,5
DA:21,5
DA:23,42
DA:26,37
DA:29,32
DA:30,30
DA:34,32
DA:35,0
DA:39,32
DA:40,14
DA:44,32
DA:46,2
DA:49,2
DA:51,4
DA:52,2
DA:56,2
DA:61,2
DA:64,2
DA:68,32
DA:69,0
DA:73,32
DA:76,5
DA:77,5
DA:79,5
DA:83,0
LF:26
LH:23
BRDA:23,0,0,5
BRDA:23,0,1,37
BRDA:26,1,0,5
BRDA:26,1,1,32
BRDA:29,2,0,30
BRDA:29,2,1,2
BRDA:34,3,0,0
BRDA:34,3,1,32
BRDA:34,4,0,32
BRDA:34,4,1,18
BRDA:34,4,2,18
BRDA:39,5,0,14
BRDA:39,5,1,18
BRDA:44,6,0,2
BRDA:44,6,1,30
BRDA:51,7,0,2
BRDA:51,7,1,2
BRDA:68,8,0,0
BRDA:68,8,1,32
BRDA:76,9,0,0
BRF:20
BRH:17
end_of_record
TN:
SF:C:\Projects\rgy\src\helpers\clean.js
FN:13,(anonymous_0)
FN:16,(anonymous_1)
FNF:2
FNH:2
FNDA:1219,(anonymous_0)
FNDA:17066,(anonymous_1)
DA:13,7
DA:14,1219
DA:16,17066
DA:19,1219
LF:4
LH:4
BRF:0
BRH:0
end_of_record
TN:
SF:C:\Projects\rgy\src\helpers\constants.js
FN:28,(anonymous_0)
FNF:1
FNH:1
FNDA:156,(anonymous_0)
DA:8,6
DA:13,6
DA:18,6
DA:23,6
DA:28,156
DA:33,6
DA:38,6
DA:43,6
LF:8
LH:8
BRF:0
BRH:0
end_of_record
TN:
SF:C:\Projects\rgy\src\helpers\multiJoin.js
FN:10,(anonymous_0)
FN:16,(anonymous_1)
FNF:2
FNH:2
FNDA:1228,(anonymous_0)
FNDA:1190,(anonymous_1)
DA:10,6
DA:12,1228
DA:15,22
DA:16,21
DA:17,1190
DA:20,21
DA:24,1
DA:27,6
LF:8
LH:8
BRDA:12,0,0,1206
BRDA:12,0,1,22
BRDA:12,1,0,1228
BRDA:12,1,1,1046
BRDA:15,2,0,21
BRDA:15,2,1,1
BRF:6
BRH:6
end_of_record
TN:
SF:C:\Projects\rgy\src\helpers\range.js
FN:19,(anonymous_0)
FNF:1
FNH:1
FNDA:39,(anonymous_0)
DA:19,5
DA:21,39
DA:22,32
DA:24,10
DA:25,10
DA:26,10
DA:27,1
DA:30,9
DA:33,22
DA:35,15
DA:36,15
DA:37,15
DA:38,2
DA:41,13
DA:45,7
DA:51,7
DA:53,7
DA:56,312
DA:59,7
DA:63,5
LF:20
LH:20
BRDA:21,0,0,32
BRDA:21,0,1,7
BRDA:21,1,0,39
BRDA:21,1,1,32
BRDA:22,2,0,10
BRDA:22,2,1,22
BRDA:22,3,0,32
BRDA:22,3,1,17
BRDA:26,4,0,1
BRDA:26,4,1,9
BRDA:33,5,0,15
BRDA:33,5,1,7
BRDA:33,6,0,22
BRDA:33,6,1,15
BRDA:37,7,0,2
BRDA:37,7,1,13
BRDA:51,8,0,7
BRDA:51,8,1,0
BRDA:51,9,0,7
BRDA:51,9,1,7
BRF:20
BRH:19
end_of_record
TN:
SF:C:\Projects\rgy\src\strategies\rgyMatch.js
FN:1,(anonymous_0)
FN:1,(anonymous_1)
FNF:2
FNH:2
FNDA:6,(anonymous_0)
FNDA:1,(anonymous_1)
DA:1,6
DA:2,1
LF:2
LH:2
BRF:0
BRH:0
end_of_record
TN:
SF:C:\Projects\rgy\src\strategies\rgyReplace.js
FN:1,(anonymous_0)
FN:1,(anonymous_1)
FNF:2
FNH:2
FNDA:6,(anonymous_0)
FNDA:1,(anonymous_1)
DA:1,6
DA:3,6
LF:2
LH:2
BRF:0
BRH:0
end_of_record
TN:
SF:C:\Projects\rgy\src\strategies\rgyTest.js
FN:1,(anonymous_0)
FN:1,(anonymous_1)
FNF:2
FNH:2
FNDA:7,(anonymous_0)
FNDA:152,(anonymous_1)
DA:1,152
DA:3,6
LF:2
LH:2
BRF:0
BRH:0
end_of_record
