TN:
SF:C:\Projects\rgy\src\rgy.js
FN:17,(anonymous_0)
FN:45,(anonymous_1)
FN:72,(anonymous_2)
FN:79,(anonymous_3)
FNF:4
FNH:3
FNDA:42,(anonymous_0)
FNDA:4,(anonymous_1)
FNDA:5,(anonymous_2)
FNDA:0,(anonymous_3)
DA:2,5
DA:3,5
DA:6,5
DA:7,5
DA:8,5
DA:17,5
DA:19,42
DA:22,37
DA:25,32
DA:26,30
DA:30,32
DA:31,0
DA:35,32
DA:36,14
DA:40,32
DA:42,2
DA:45,2
DA:47,4
DA:48,2
DA:52,2
DA:57,2
DA:60,2
DA:69,32
DA:72,5
DA:73,5
DA:75,5
DA:79,0
DA:83,5
LF:28
LH:26
BRDA:19,0,0,5
BRDA:19,0,1,37
BRDA:22,1,0,5
BRDA:22,1,1,32
BRDA:25,2,0,30
BRDA:25,2,1,2
BRDA:30,3,0,0
BRDA:30,3,1,32
BRDA:30,4,0,32
BRDA:30,4,1,18
BRDA:30,4,2,18
BRDA:35,5,0,14
BRDA:35,5,1,18
BRDA:40,6,0,2
BRDA:40,6,1,30
BRDA:47,7,0,2
BRDA:47,7,1,2
BRDA:72,8,0,0
BRF:18
BRH:16
end_of_record
TN:
SF:C:\Projects\rgy\src\helpers\clean.js
FN:1,(anonymous_0)
FN:4,(anonymous_1)
FNF:2
FNH:2
FNDA:1219,(anonymous_0)
FNDA:17066,(anonymous_1)
DA:1,7
DA:2,1219
DA:4,17066
DA:7,1219
LF:4
LH:4
BRF:0
BRH:0
end_of_record
TN:
SF:C:\Projects\rgy\src\helpers\constants.js
FN:5,(anonymous_0)
FNF:1
FNH:1
FNDA:156,(anonymous_0)
DA:1,6
DA:2,6
DA:3,6
DA:4,6
DA:5,156
DA:6,6
DA:7,6
DA:8,6
DA:10,6
LF:9
LH:9
BRF:0
BRH:0
end_of_record
TN:
SF:C:\Projects\rgy\src\helpers\multiJoin.js
FN:11,(anonymous_0)
FN:18,(anonymous_1)
FNF:2
FNH:2
FNDA:1228,(anonymous_0)
FNDA:1190,(anonymous_1)
DA:11,6
DA:13,1228
DA:14,1206
DA:17,22
DA:18,21
DA:19,1190
DA:22,21
DA:26,1
DA:29,6
LF:9
LH:9
BRDA:13,0,0,1206
BRDA:13,0,1,22
BRDA:13,1,0,1228
BRDA:13,1,1,1046
BRDA:17,2,0,21
BRDA:17,2,1,1
BRF:6
BRH:6
end_of_record
TN:
SF:C:\Projects\rgy\src\helpers\range.js
FN:3,(anonymous_0)
FNF:1
FNH:1
FNDA:39,(anonymous_0)
DA:3,5
DA:5,39
DA:6,32
DA:8,10
DA:9,10
DA:10,10
DA:11,1
DA:14,9
DA:17,22
DA:19,15
DA:20,15
DA:21,15
DA:22,2
DA:25,13
DA:29,7
DA:35,7
DA:37,7
DA:40,312
DA:43,7
DA:47,5
LF:20
LH:20
BRDA:5,0,0,32
BRDA:5,0,1,7
BRDA:5,1,0,39
BRDA:5,1,1,32
BRDA:6,2,0,10
BRDA:6,2,1,22
BRDA:6,3,0,32
BRDA:6,3,1,17
BRDA:10,4,0,1
BRDA:10,4,1,9
BRDA:17,5,0,15
BRDA:17,5,1,7
BRDA:17,6,0,22
BRDA:17,6,1,15
BRDA:21,7,0,2
BRDA:21,7,1,13
BRDA:35,8,0,7
BRDA:35,8,1,0
BRDA:35,9,0,7
BRDA:35,9,1,7
BRF:20
BRH:19
end_of_record
TN:
SF:C:\Projects\rgy\src\strategies\rgyMatch.js
FN:3,(anonymous_0)
FN:3,(anonymous_1)
FN:3,(anonymous_2)
FNF:3
FNH:1
FNDA:5,(anonymous_0)
FNDA:0,(anonymous_1)
FNDA:0,(anonymous_2)
DA:3,5
DA:4,0
DA:6,5
LF:3
LH:2
BRF:0
BRH:0
end_of_record
TN:
SF:C:\Projects\rgy\src\strategies\rgyReplace.js
FN:1,(anonymous_0)
FN:1,(anonymous_1)
FNF:2
FNH:1
FNDA:5,(anonymous_0)
FNDA:0,(anonymous_1)
DA:1,5
DA:3,5
LF:2
LH:2
BRF:0
BRH:0
end_of_record
TN:
SF:C:\Projects\rgy\src\strategies\rgyTest.js
FN:1,(anonymous_0)
FN:1,(anonymous_1)
FNF:2
FNH:2
FNDA:5,(anonymous_0)
FNDA:150,(anonymous_1)
DA:1,150
DA:3,5
LF:2
LH:2
BRF:0
BRH:0
end_of_record
